<?xml version="1.0" encoding="UTF-8"?>
<!-- Generated by org.testng.reporters.JUnitReportReporter -->
<testsuite hostname="DESKTOP-TANUDV2" failures="0" tests="2" name="com.simplilearn.testng.amazon.AmazonSearchTest" time="5.648" errors="0" timestamp="2023-12-19T18:06:26 IST" skipped="0">
  <testcase classname="com.simplilearn.testng.amazon.AmazonSearchTest" name="testSearch1" time="3.233"/>
  <testcase classname="com.simplilearn.testng.amazon.AmazonSearchTest" name="testSearch2" time="2.415"/>
</testsuite> <!-- com.simplilearn.testng.amazon.AmazonSearchTest -->
